  face.c
C:\Library\GitLearning\Music Recommand System\音乐播放器\face.c(43,2): error C4996: 'scanf': This function or variable may be unsafe. Consider using scanf_s instead. To disable deprecation, use _CRT_SECURE_NO_WARNINGS. See online help for details.
C:\Library\GitLearning\Music Recommand System\音乐播放器\face.c(88,16): warning C4013: “kbhit”未定义；假设外部返回 int
C:\Library\GitLearning\Music Recommand System\音乐播放器\face.c(120,14): warning C4013: “getch”未定义；假设外部返回 int
C:\Library\GitLearning\Music Recommand System\音乐播放器\face.c(70,2): error C4996: 'sprintf': This function or variable may be unsafe. Consider using sprintf_s instead. To disable deprecation, use _CRT_SECURE_NO_WARNINGS. See online help for details.
C:\Library\GitLearning\Music Recommand System\音乐播放器\face.c(71,2): error C4996: 'strcat': This function or variable may be unsafe. Consider using strcat_s instead. To disable deprecation, use _CRT_SECURE_NO_WARNINGS. See online help for details.
C:\Library\GitLearning\Music Recommand System\音乐播放器\face.c(72,2): error C4996: 'strcat': This function or variable may be unsafe. Consider using strcat_s instead. To disable deprecation, use _CRT_SECURE_NO_WARNINGS. See online help for details.
C:\Library\GitLearning\Music Recommand System\音乐播放器\face.c(83,2): error C4996: 'strcat': This function or variable may be unsafe. Consider using strcat_s instead. To disable deprecation, use _CRT_SECURE_NO_WARNINGS. See online help for details.
C:\Library\GitLearning\Music Recommand System\音乐播放器\face.c(84,2): error C4996: 'strcat': This function or variable may be unsafe. Consider using strcat_s instead. To disable deprecation, use _CRT_SECURE_NO_WARNINGS. See online help for details.
C:\Library\GitLearning\Music Recommand System\音乐播放器\face.c(53,6): warning C4101: “a”: 未引用的局部变量
C:\Library\GitLearning\Music Recommand System\音乐播放器\face.c(161,2): error C4996: 'scanf': This function or variable may be unsafe. Consider using scanf_s instead. To disable deprecation, use _CRT_SECURE_NO_WARNINGS. See online help for details.
C:\Library\GitLearning\Music Recommand System\音乐播放器\face.c(171,2): error C4996: 'scanf': This function or variable may be unsafe. Consider using scanf_s instead. To disable deprecation, use _CRT_SECURE_NO_WARNINGS. See online help for details.
C:\Library\GitLearning\Music Recommand System\音乐播放器\face.c(181,2): error C4996: 'scanf': This function or variable may be unsafe. Consider using scanf_s instead. To disable deprecation, use _CRT_SECURE_NO_WARNINGS. See online help for details.
  list.c
C:\Library\GitLearning\Music Recommand System\音乐播放器\list.c(18,19): warning C4013: “face_fileFailure”未定义；假设外部返回 int
C:\Library\GitLearning\Music Recommand System\音乐播放器\list.c(15,7): error C4996: 'fopen': This function or variable may be unsafe. Consider using fopen_s instead. To disable deprecation, use _CRT_SECURE_NO_WARNINGS. See online help for details.
C:\Library\GitLearning\Music Recommand System\音乐播放器\list.c(29,2): error C4996: 'fscanf': This function or variable may be unsafe. Consider using fscanf_s instead. To disable deprecation, use _CRT_SECURE_NO_WARNINGS. See online help for details.
C:\Library\GitLearning\Music Recommand System\音乐播放器\list.c(37,3): error C4996: 'fscanf': This function or variable may be unsafe. Consider using fscanf_s instead. To disable deprecation, use _CRT_SECURE_NO_WARNINGS. See online help for details.
C:\Library\GitLearning\Music Recommand System\音乐播放器\list.c(60,2): error C4996: 'scanf': This function or variable may be unsafe. Consider using scanf_s instead. To disable deprecation, use _CRT_SECURE_NO_WARNINGS. See online help for details.
C:\Library\GitLearning\Music Recommand System\音乐播放器\list.c(75,3): error C4996: 'scanf': This function or variable may be unsafe. Consider using scanf_s instead. To disable deprecation, use _CRT_SECURE_NO_WARNINGS. See online help for details.
C:\Library\GitLearning\Music Recommand System\音乐播放器\list.c(107,52): warning C4133: “=”: 从“media *”到“list *”的类型不兼容
C:\Library\GitLearning\Music Recommand System\音乐播放器\list.c(109,49): warning C4133: “=”: 从“media *”到“list *”的类型不兼容
C:\Library\GitLearning\Music Recommand System\音乐播放器\list.c(130,13): warning C4133: “return”: 从“list *”到“media *”的类型不兼容
C:\Library\GitLearning\Music Recommand System\音乐播放器\list.c(95,2): error C4996: 'strcpy': This function or variable may be unsafe. Consider using strcpy_s instead. To disable deprecation, use _CRT_SECURE_NO_WARNINGS. See online help for details.
C:\Library\GitLearning\Music Recommand System\音乐播放器\list.c(97,7): error C4996: 'fopen': This function or variable may be unsafe. Consider using fopen_s instead. To disable deprecation, use _CRT_SECURE_NO_WARNINGS. See online help for details.
C:\Library\GitLearning\Music Recommand System\音乐播放器\list.c(111,2): error C4996: 'fscanf': This function or variable may be unsafe. Consider using fscanf_s instead. To disable deprecation, use _CRT_SECURE_NO_WARNINGS. See online help for details.
C:\Library\GitLearning\Music Recommand System\音乐播放器\list.c(119,3): error C4996: 'fscanf': This function or variable may be unsafe. Consider using fscanf_s instead. To disable deprecation, use _CRT_SECURE_NO_WARNINGS. See online help for details.
  play.c
C:\Library\GitLearning\Music Recommand System\音乐播放器\play.c(31,27): warning C4013: “malloc”未定义；假设外部返回 int
C:\Library\GitLearning\Music Recommand System\音乐播放器\play.c(31,48): warning C4312: “类型强制转换”: 从“int”转换到更大的“user *”
C:\Library\GitLearning\Music Recommand System\音乐播放器\play.c(38,9): warning C4013: “free”未定义；假设外部返回 int
C:\Library\GitLearning\Music Recommand System\音乐播放器\play.c(54,20): warning C4477: “fscanf_s”: 格式字符串“%100s”需要类型“unsigned int”的参数，但可变参数 2 拥有了类型“size_t”
C:\Library\GitLearning\Music Recommand System\音乐播放器\play.c(54,20): message : 此参数用作缓冲区大小
C:\Library\GitLearning\Music Recommand System\音乐播放器\play.c(55,20): warning C4477: “fscanf_s”: 格式字符串“%100s”需要类型“unsigned int”的参数，但可变参数 2 拥有了类型“size_t”
C:\Library\GitLearning\Music Recommand System\音乐播放器\play.c(55,20): message : 此参数用作缓冲区大小
C:\Library\GitLearning\Music Recommand System\音乐播放器\play.c(87,2): error C4996: 'strcpy': This function or variable may be unsafe. Consider using strcpy_s instead. To disable deprecation, use _CRT_SECURE_NO_WARNINGS. See online help for details.
C:\Library\GitLearning\Music Recommand System\音乐播放器\play.c(98,2): error C4996: 'strcpy': This function or variable may be unsafe. Consider using strcpy_s instead. To disable deprecation, use _CRT_SECURE_NO_WARNINGS. See online help for details.
C:\Library\GitLearning\Music Recommand System\音乐播放器\play.c(124,61): warning C4312: “类型强制转换”: 从“int”转换到更大的“user *”
C:\Library\GitLearning\Music Recommand System\音乐播放器\play.c(115,7): error C4996: 'fopen': This function or variable may be unsafe. Consider using fopen_s instead. To disable deprecation, use _CRT_SECURE_NO_WARNINGS. See online help for details.
C:\Library\GitLearning\Music Recommand System\音乐播放器\play.c(126,3): error C4996: 'strcpy': This function or variable may be unsafe. Consider using strcpy_s instead. To disable deprecation, use _CRT_SECURE_NO_WARNINGS. See online help for details.
C:\Library\GitLearning\Music Recommand System\音乐播放器\play.c(138,4): error C4996: 'strcpy': This function or variable may be unsafe. Consider using strcpy_s instead. To disable deprecation, use _CRT_SECURE_NO_WARNINGS. See online help for details.
C:\Library\GitLearning\Music Recommand System\音乐播放器\play.c(147,3): error C4996: 'strcpy': This function or variable may be unsafe. Consider using strcpy_s instead. To disable deprecation, use _CRT_SECURE_NO_WARNINGS. See online help for details.
C:\Library\GitLearning\Music Recommand System\音乐播放器\play.c(153,3): error C4996: 'strcpy': This function or variable may be unsafe. Consider using strcpy_s instead. To disable deprecation, use _CRT_SECURE_NO_WARNINGS. See online help for details.
C:\Library\GitLearning\Music Recommand System\音乐播放器\play.c(154,3): error C4996: 'strcpy': This function or variable may be unsafe. Consider using strcpy_s instead. To disable deprecation, use _CRT_SECURE_NO_WARNINGS. See online help for details.
  user.c
C:\Library\GitLearning\Music Recommand System\音乐播放器\user.c(31,27): warning C4013: “malloc”未定义；假设外部返回 int
C:\Library\GitLearning\Music Recommand System\音乐播放器\user.c(31,48): warning C4312: “类型强制转换”: 从“int”转换到更大的“user *”
C:\Library\GitLearning\Music Recommand System\音乐播放器\user.c(38,9): warning C4013: “free”未定义；假设外部返回 int
C:\Library\GitLearning\Music Recommand System\音乐播放器\user.c(54,20): warning C4477: “fscanf_s”: 格式字符串“%100s”需要类型“unsigned int”的参数，但可变参数 2 拥有了类型“size_t”
C:\Library\GitLearning\Music Recommand System\音乐播放器\user.c(54,20): message : 此参数用作缓冲区大小
C:\Library\GitLearning\Music Recommand System\音乐播放器\user.c(55,20): warning C4477: “fscanf_s”: 格式字符串“%100s”需要类型“unsigned int”的参数，但可变参数 2 拥有了类型“size_t”
C:\Library\GitLearning\Music Recommand System\音乐播放器\user.c(55,20): message : 此参数用作缓冲区大小
C:\Library\GitLearning\Music Recommand System\音乐播放器\user.c(87,2): error C4996: 'strcpy': This function or variable may be unsafe. Consider using strcpy_s instead. To disable deprecation, use _CRT_SECURE_NO_WARNINGS. See online help for details.
C:\Library\GitLearning\Music Recommand System\音乐播放器\user.c(98,2): error C4996: 'strcpy': This function or variable may be unsafe. Consider using strcpy_s instead. To disable deprecation, use _CRT_SECURE_NO_WARNINGS. See online help for details.
C:\Library\GitLearning\Music Recommand System\音乐播放器\user.c(124,61): warning C4312: “类型强制转换”: 从“int”转换到更大的“user *”
C:\Library\GitLearning\Music Recommand System\音乐播放器\user.c(115,7): error C4996: 'fopen': This function or variable may be unsafe. Consider using fopen_s instead. To disable deprecation, use _CRT_SECURE_NO_WARNINGS. See online help for details.
C:\Library\GitLearning\Music Recommand System\音乐播放器\user.c(126,3): error C4996: 'strcpy': This function or variable may be unsafe. Consider using strcpy_s instead. To disable deprecation, use _CRT_SECURE_NO_WARNINGS. See online help for details.
C:\Library\GitLearning\Music Recommand System\音乐播放器\user.c(138,4): error C4996: 'strcpy': This function or variable may be unsafe. Consider using strcpy_s instead. To disable deprecation, use _CRT_SECURE_NO_WARNINGS. See online help for details.
C:\Library\GitLearning\Music Recommand System\音乐播放器\user.c(147,3): error C4996: 'strcpy': This function or variable may be unsafe. Consider using strcpy_s instead. To disable deprecation, use _CRT_SECURE_NO_WARNINGS. See online help for details.
C:\Library\GitLearning\Music Recommand System\音乐播放器\user.c(153,3): error C4996: 'strcpy': This function or variable may be unsafe. Consider using strcpy_s instead. To disable deprecation, use _CRT_SECURE_NO_WARNINGS. See online help for details.
C:\Library\GitLearning\Music Recommand System\音乐播放器\user.c(154,3): error C4996: 'strcpy': This function or variable may be unsafe. Consider using strcpy_s instead. To disable deprecation, use _CRT_SECURE_NO_WARNINGS. See online help for details.
  正在生成代码...
